#
# A fatal error has been detected by the Java Runtime Environment:
#
#  SIGFPE (0x8) at pc=0x0000000119fa2168, pid=9124, tid=9219
#
# JRE version: OpenJDK Runtime Environment (15.0.2+7) (build 15.0.2+7-27)
# Java VM: OpenJDK 64-Bit Server VM (15.0.2+7-27, mixed mode, sharing, tiered, compressed oops, g1 gc, bsd-amd64)
# Problematic frame:
# j  BOJ.BJ_1654_랜선자르기.main([Ljava/lang/String;)V+85
#
# No core dump will be written. Core dumps have been disabled. To enable core dumping, try "ulimit -c unlimited" before starting Java again
#
# If you would like to submit a bug report, please visit:
#   https://bugreport.java.com/bugreport/crash.jsp
#

---------------  S U M M A R Y ------------

Command Line: -javaagent:/Applications/IntelliJ IDEA.app/Contents/lib/idea_rt.jar=54526:/Applications/IntelliJ IDEA.app/Contents/bin -Dfile.encoding=UTF-8 BOJ.BJ_1654_랜선자르기

Host: MacBookPro17,1 x86_64 2400 MHz, 8 cores, 16G, Darwin 20.3.0
Time: Tue Jul  6 19:45:56 2021 KST elapsed time: 2.796336 seconds (0d 0h 0m 2s)

---------------  T H R E A D  ---------------

Current thread (0x00007f8b47008800):  JavaThread "main" [_thread_in_Java, id=9219, stack(0x000000030a0a4000,0x000000030a1a4000)]

Stack: [0x000000030a0a4000,0x000000030a1a4000],  sp=0x000000030a1a3a70,  free space=1022k
Native frames: (J=compiled Java code, A=aot compiled Java code, j=interpreted, Vv=VM code, C=native code)
j  BOJ.BJ_1654_랜선자르기.main([Ljava/lang/String;)V+85
v  ~StubRoutines::call_stub
V  [libjvm.dylib+0x4ae582]  JavaCalls::call_helper(JavaValue*, methodHandle const&, JavaCallArguments*, Thread*)+0x2e2
V  [libjvm.dylib+0x50f169]  jni_invoke_static(JNIEnv_*, JavaValue*, _jobject*, JNICallType, _jmethodID*, JNI_ArgumentPusher*, Thread*)+0x1f9
V  [libjvm.dylib+0x51290e]  jni_CallStaticVoidMethod+0x19e
C  [libjli.dylib+0x4f3d]  JavaMain+0xc1d
C  [libjli.dylib+0x7659]  ThreadJavaMain+0x9
C  [libsystem_pthread.dylib+0x6950]  _pthread_start+0xe0
C  [libsystem_pthread.dylib+0x247b]  thread_start+0xf


siginfo: si_signo: 8 (SIGFPE), si_code: 5 (FPE_FLTINV), si_addr: 0x0000000119fa2168

Register to memory mapping:

RAX=0x0000000000000001 is an unknown value
RBX=0x000000000000006c is an unknown value
RCX=0x0 is NULL
RDX=0x0 is NULL
RSP=0x000000030a1a3a70 is pointing into the stack for thread: 0x00007f8b47008800
RBP=0x000000030a1a3ac8 is pointing into the stack for thread: 0x00007f8b47008800
RSI=0x000000030a1a3a10 is pointing into the stack for thread: 0x00007f8b47008800
RDI=0x0000000000003d32 is an unknown value
R8 =0x0000000000000148 is an unknown value
R9 =0x00000000000026a0 is an unknown value
R10=0x000000011044b9c0: _ZN19TemplateInterpreter13_active_tableE+0x2000 in /Users/odogyeong/Library/Java/JavaVirtualMachines/openjdk-15.0.2/Contents/Home/lib/server/libjvm.dylib at 0x000000010f800000
R11=0x0000000000000001 is an unknown value
R12=0x0 is NULL
R13=0x0000000134b93ebb is pointing into metadata
R14=0x000000030a1a3b38 is pointing into the stack for thread: 0x00007f8b47008800
R15=0x00007f8b47008800 is a thread


Registers:
RAX=0x0000000000000001, RBX=0x000000000000006c, RCX=0x0000000000000000, RDX=0x0000000000000000
RSP=0x000000030a1a3a70, RBP=0x000000030a1a3ac8, RSI=0x000000030a1a3a10, RDI=0x0000000000003d32
R8 =0x0000000000000148, R9 =0x00000000000026a0, R10=0x000000011044b9c0, R11=0x0000000000000001
R12=0x0000000000000000, R13=0x0000000134b93ebb, R14=0x000000030a1a3b38, R15=0x00007f8b47008800
RIP=0x0000000119fa2168, EFLAGS=0x0000000000000a83, ERR=0x0000000000000000
  TRAPNO=0x0000000000000000

Top of Stack: (sp=0x000000030a1a3a70)
0x000000030a1a3a70:   0000000000000000 0000000000000000
0x000000030a1a3a80:   000000030a1a3a80 0000000134b93e75
0x000000030a1a3a90:   000000030a1a3b38 0000000134b940e8
0x000000030a1a3aa0:   0000000000000000 000000070ff7ecd8
0x000000030a1a3ab0:   0000000134b94040 0000000000000000
0x000000030a1a3ac0:   000000030a1a3b38 000000030a1a3ba0
0x000000030a1a3ad0:   0000000119f8e947 0000000000000000
0x000000030a1a3ae0:   0000000000000000 0000000000000000
0x000000030a1a3af0:   0000000000000000 0000000000000000
0x000000030a1a3b00:   0000000000000000 0000000000000000
0x000000030a1a3b10:   000000070ff85828 0000000000000001
0x000000030a1a3b20:   0000000000000001 000000070ff85840
0x000000030a1a3b30:   000000070ff7f2b0 000000070ff7f0e8
0x000000030a1a3b40:   d943b6c500001fa0 00007f8b47008800
0x000000030a1a3b50:   000000030a1a3ce0 000000030a1a3e90
0x000000030a1a3b60:   000000030a1a3cc8 0000000000000001
0x000000030a1a3b70:   000000030a1a3bf8 000000030a1a3e98
0x000000030a1a3b80:   000000000000000a 0000000134b94040
0x000000030a1a3b90:   0000000119f9bf40 000000030a1a3ce8
0x000000030a1a3ba0:   000000030a1a3c80 000000010fcae582
0x000000030a1a3bb0:   0000000000000001 00007f8b47008800
0x000000030a1a3bc0:   00007f8b47008800 00007f8b4650ef60
0x000000030a1a3bd0:   00007f8b4650ea10 00007f8b4650ea20
0x000000030a1a3be0:   00007f8b4650eaf8 00000000000000d8
0x000000030a1a3bf0:   00007f8b4650ebf0 00007f8b47008800
0x000000030a1a3c00:   00007f8b4650fa60 0000000134b94040
0x000000030a1a3c10:   0000000000000000 0000000000000000
0x000000030a1a3c20:   0000000000000000 0000000000000000
0x000000030a1a3c30:   000000030a1a3e90 00000002031d4e7d
0x000000030a1a3c40:   0000000119f9bf40 000000000000000f
0x000000030a1a3c50:   0000000a47008800 00007f8b47008800
0x000000030a1a3c60:   0000000000000008 000000030a1a3e90 

Instructions: (pc=0x0000000119fa2168)
0x0000000119fa2068:   84 be 27 10 01 00 00 00 6a 00 00 00 00 00 00 00
0x0000000119fa2078:   00 00 00 00 00 00 00 00 f3 0f 10 04 24 48 83 c4
0x0000000119fa2088:   08 f3 0f 59 04 24 48 83 c4 08 41 0f b6 5d 01 49
0x0000000119fa2098:   ff c5 49 ba c0 c9 44 10 01 00 00 00 41 ff 24 da
0x0000000119fa20a8:   00 00 00 00 00 00 00 00 00 00 00 00 00 00 00 00
0x0000000119fa20b8:   00 00 00 00 00 00 00 00 60 00 00 00 00 00 00 00
0x0000000119fa20c8:   89 be 27 10 01 00 00 00 6b 00 00 00 00 00 00 00
0x0000000119fa20d8:   00 00 00 00 00 00 00 00 f2 0f 10 04 24 48 83 c4
0x0000000119fa20e8:   10 f2 0f 59 04 24 48 83 c4 10 41 0f b6 5d 01 49
0x0000000119fa20f8:   ff c5 49 ba c0 d1 44 10 01 00 00 00 41 ff 24 da
0x0000000119fa2108:   00 00 00 00 00 00 00 00 00 00 00 00 00 00 00 00
0x0000000119fa2118:   00 00 00 00 00 00 00 00 60 00 00 00 00 00 00 00
0x0000000119fa2128:   8e be 27 10 01 00 00 00 6c 00 00 00 00 00 00 00
0x0000000119fa2138:   00 00 00 00 00 00 00 00 8b 04 24 48 83 c4 08 8b
0x0000000119fa2148:   c8 8b 04 24 48 83 c4 08 81 f8 00 00 00 80 0f 85
0x0000000119fa2158:   0b 00 00 00 33 d2 83 f9 ff 0f 84 03 00 00 00 99
0x0000000119fa2168:   f7 f9 41 0f b6 5d 01 49 ff c5 49 ba c0 b9 44 10
0x0000000119fa2178:   01 00 00 00 41 ff 24 da 80 00 00 00 00 00 00 00
0x0000000119fa2188:   93 be 27 10 01 00 00 00 6d 00 00 00 00 00 00 00
0x0000000119fa2198:   00 00 00 00 00 00 00 00 48 8b 04 24 48 83 c4 10
0x0000000119fa21a8:   48 8b c8 48 8b 04 24 48 83 c4 10 48 85 c9 0f 84
0x0000000119fa21b8:   73 9a ff ff 48 3b 05 8d 49 35 f6 0f 85 0c 00 00
0x0000000119fa21c8:   00 33 d2 48 83 f9 ff 0f 84 05 00 00 00 48 99 48
0x0000000119fa21d8:   f7 f9 41 0f b6 5d 01 49 ff c5 49 ba c0 c1 44 10
0x0000000119fa21e8:   01 00 00 00 41 ff 24 da 00 00 00 00 00 00 00 00
0x0000000119fa21f8:   00 00 00 00 00 00 00 00 60 00 00 00 00 00 00 00
0x0000000119fa2208:   98 be 27 10 01 00 00 00 6e 00 00 00 00 00 00 00
0x0000000119fa2218:   00 00 00 00 00 00 00 00 f3 0f 10 04 24 48 83 c4
0x0000000119fa2228:   08 0f 28 c8 f3 0f 10 04 24 48 83 c4 08 f3 0f 5e
0x0000000119fa2238:   c1 41 0f b6 5d 01 49 ff c5 49 ba c0 c9 44 10 01
0x0000000119fa2248:   00 00 00 41 ff 24 da 90 00 00 00 00 00 00 00 00
0x0000000119fa2258:   00 00 00 00 00 00 00 00 60 00 00 00 00 00 00 00 


Stack slot to memory mapping:
stack at sp + 0 slots: 0x0 is NULL
stack at sp + 1 slots: 0x0 is NULL
stack at sp + 2 slots: 0x000000030a1a3a80 is pointing into the stack for thread: 0x00007f8b47008800
stack at sp + 3 slots: 0x0000000134b93e75 is pointing into metadata
stack at sp + 4 slots: 0x000000030a1a3b38 is pointing into the stack for thread: 0x00007f8b47008800
stack at sp + 5 slots: 0x0000000134b940e8 is pointing into metadata
stack at sp + 6 slots: 0x0 is NULL
stack at sp + 7 slots: 0x000000070ff7ecd8 is an oop: java.lang.Class 
{0x000000070ff7ecd8} - klass: 'java/lang/Class'

idiv  108 idiv  [0x0000000119fa2140, 0x0000000119fa2180]  64 bytes
[MachCode]
  0x0000000119fa2140: 8b04 2448 | 83c4 088b | c88b 0424 | 4883 c408 | 81f8 0000 | 0080 0f85 | 0b00 0000 | 33d2 83f9 
  0x0000000119fa2160: ff0f 8403 | 0000 0099 | f7f9 410f | b65d 0149 | ffc5 49ba | c0b9 4410 | 0100 0000 | 41ff 24da 
[/MachCode]

---------------  P R O C E S S  ---------------

Threads class SMR info:
_java_thread_list=0x00007f8b4643c2c0, length=12, elements={
0x00007f8b47008800, 0x00007f8b46839400, 0x00007f8b478db200, 0x00007f8b3680b600,
0x00007f8b4701e800, 0x00007f8b4683a000, 0x00007f8b3680b000, 0x00007f8b26808200,
0x00007f8b3680bc00, 0x00007f8b47810800, 0x00007f8b3680ca00, 0x00007f8b47023200
}

Java Threads: ( => current thread )
=>0x00007f8b47008800 JavaThread "main" [_thread_in_Java, id=9219, stack(0x000000030a0a4000,0x000000030a1a4000)]
  0x00007f8b46839400 JavaThread "Reference Handler" daemon [_thread_blocked, id=15875, stack(0x000000030a7b9000,0x000000030a8b9000)]
  0x00007f8b478db200 JavaThread "Finalizer" daemon [_thread_blocked, id=22275, stack(0x000000030a8bc000,0x000000030a9bc000)]
  0x00007f8b3680b600 JavaThread "Signal Dispatcher" daemon [_thread_blocked, id=24067, stack(0x000000030aacf000,0x000000030abcf000)]
  0x00007f8b4701e800 JavaThread "Service Thread" daemon [_thread_blocked, id=24835, stack(0x000000030abd2000,0x000000030acd2000)]
  0x00007f8b4683a000 JavaThread "C2 CompilerThread0" daemon [_thread_blocked, id=39427, stack(0x000000030acd5000,0x000000030add5000)]
  0x00007f8b3680b000 JavaThread "C1 CompilerThread0" daemon [_thread_blocked, id=38659, stack(0x000000030add8000,0x000000030aed8000)]
  0x00007f8b26808200 JavaThread "Sweeper thread" daemon [_thread_blocked, id=26371, stack(0x000000030aedb000,0x000000030afdb000)]
  0x00007f8b3680bc00 JavaThread "Common-Cleaner" daemon [_thread_blocked, id=37379, stack(0x000000030afde000,0x000000030b0de000)]
  0x00007f8b47810800 JavaThread "Monitor Ctrl-Break" daemon [_thread_in_native, id=28163, stack(0x000000030b0e1000,0x000000030b1e1000)]
  0x00007f8b3680ca00 JavaThread "Notification Thread" daemon [_thread_blocked, id=35587, stack(0x000000030b1e4000,0x000000030b2e4000)]
  0x00007f8b47023200 JavaThread "Attach Listener" daemon [_thread_blocked, id=29443, stack(0x000000030b3ea000,0x000000030b4ea000)]

Other Threads:
  0x00007f8b46512b30 VMThread "VM Thread" [stack: 0x000000030a6b6000,0x000000030a7b6000] [id=16387]
  0x00007f8b36416ed0 WatcherThread [stack: 0x000000030b2e7000,0x000000030b3e7000] [id=35083]
  0x00007f8b4641a2c0 GCTaskThread "GC Thread#0" [stack: 0x000000030a1a7000,0x000000030a2a7000] [id=13059]
  0x00007f8b4641b490 ConcurrentGCThread "G1 Main Marker" [stack: 0x000000030a2aa000,0x000000030a3aa000] [id=13315]
  0x00007f8b46608f50 ConcurrentGCThread "G1 Conc#0" [stack: 0x000000030a3ad000,0x000000030a4ad000] [id=13827]
  0x00007f8b46625a60 ConcurrentGCThread "G1 Refine#0" [stack: 0x000000030a4b0000,0x000000030a5b0000] [id=14339]
  0x00007f8b46626af0 ConcurrentGCThread "G1 Young RemSet Sampling" [stack: 0x000000030a5b3000,0x000000030a6b3000] [id=14595]

Threads with active compile tasks:

VM state: not at safepoint (normal execution)

VM Mutex/Monitor currently owned by a thread: None

Heap address: 0x0000000700000000, size: 4096 MB, Compressed Oops mode: Zero based, Oop shift amount: 3
CDS archive(s) mapped at: [0x0000000800000000-0x0000000800b2b000-0x0000000800b2b000), size 11710464, SharedBaseAddress: 0x0000000800000000, ArchiveRelocationMode: 0.
Compressed class space mapped at: 0x0000000800b2c000-0x0000000840b2c000, size: 1073741824
Narrow klass base: 0x0000000800000000, Narrow klass shift: 3, Narrow klass range: 0x100000000

GC Precious Log:
 CPUs: 8 total, 8 available
 Memory: 16384M
 Large Page Support: Disabled
 NUMA Support: Disabled
 Compressed Oops: Enabled (Zero based)
 Heap Region Size: 2M
 Heap Min Capacity: 8M
 Heap Initial Capacity: 256M
 Heap Max Capacity: 4G
 Pre-touch: Disabled
 Parallel Workers: 8
 Concurrent Workers: 2
 Concurrent Refinement Workers: 8
 Periodic GC: Disabled

Heap:
 garbage-first heap   total 266240K, used 3880K [0x0000000700000000, 0x0000000800000000)
  region size 2048K, 2 young (4096K), 0 survivors (0K)
 Metaspace       used 1095K, capacity 4522K, committed 4864K, reserved 1056768K
  class space    used 98K, capacity 394K, committed 512K, reserved 1048576K

Heap Regions: E=young(eden), S=young(survivor), O=old, HS=humongous(starts), HC=humongous(continues), CS=collection set, F=free, OA=open archive, CA=closed archive, TAMS=top-at-mark-start (previous, next)
|   0|0x0000000700000000, 0x0000000700000000, 0x0000000700200000|  0%| F|  |TAMS 0x0000000700000000, 0x0000000700000000| Untracked 
|   1|0x0000000700200000, 0x0000000700200000, 0x0000000700400000|  0%| F|  |TAMS 0x0000000700200000, 0x0000000700200000| Untracked 
|   2|0x0000000700400000, 0x0000000700400000, 0x0000000700600000|  0%| F|  |TAMS 0x0000000700400000, 0x0000000700400000| Untracked 
|   3|0x0000000700600000, 0x0000000700600000, 0x0000000700800000|  0%| F|  |TAMS 0x0000000700600000, 0x0000000700600000| Untracked 
|   4|0x0000000700800000, 0x0000000700800000, 0x0000000700a00000|  0%| F|  |TAMS 0x0000000700800000, 0x0000000700800000| Untracked 
|   5|0x0000000700a00000, 0x0000000700a00000, 0x0000000700c00000|  0%| F|  |TAMS 0x0000000700a00000, 0x0000000700a00000| Untracked 
|   6|0x0000000700c00000, 0x0000000700c00000, 0x0000000700e00000|  0%| F|  |TAMS 0x0000000700c00000, 0x0000000700c00000| Untracked 
|   7|0x0000000700e00000, 0x0000000700e00000, 0x0000000701000000|  0%| F|  |TAMS 0x0000000700e00000, 0x0000000700e00000| Untracked 
|   8|0x0000000701000000, 0x0000000701000000, 0x0000000701200000|  0%| F|  |TAMS 0x0000000701000000, 0x0000000701000000| Untracked 
|   9|0x0000000701200000, 0x0000000701200000, 0x0000000701400000|  0%| F|  |TAMS 0x0000000701200000, 0x0000000701200000| Untracked 
|  10|0x0000000701400000, 0x0000000701400000, 0x0000000701600000|  0%| F|  |TAMS 0x0000000701400000, 0x0000000701400000| Untracked 
|  11|0x0000000701600000, 0x0000000701600000, 0x0000000701800000|  0%| F|  |TAMS 0x0000000701600000, 0x0000000701600000| Untracked 
|  12|0x0000000701800000, 0x0000000701800000, 0x0000000701a00000|  0%| F|  |TAMS 0x0000000701800000, 0x0000000701800000| Untracked 
|  13|0x0000000701a00000, 0x0000000701a00000, 0x0000000701c00000|  0%| F|  |TAMS 0x0000000701a00000, 0x0000000701a00000| Untracked 
|  14|0x0000000701c00000, 0x0000000701c00000, 0x0000000701e00000|  0%| F|  |TAMS 0x0000000701c00000, 0x0000000701c00000| Untracked 
|  15|0x0000000701e00000, 0x0000000701e00000, 0x0000000702000000|  0%| F|  |TAMS 0x0000000701e00000, 0x0000000701e00000| Untracked 
|  16|0x0000000702000000, 0x0000000702000000, 0x0000000702200000|  0%| F|  |TAMS 0x0000000702000000, 0x0000000702000000| Untracked 
|  17|0x0000000702200000, 0x0000000702200000, 0x0000000702400000|  0%| F|  |TAMS 0x0000000702200000, 0x0000000702200000| Untracked 
|  18|0x0000000702400000, 0x0000000702400000, 0x0000000702600000|  0%| F|  |TAMS 0x0000000702400000, 0x0000000702400000| Untracked 
|  19|0x0000000702600000, 0x0000000702600000, 0x0000000702800000|  0%| F|  |TAMS 0x0000000702600000, 0x0000000702600000| Untracked 
|  20|0x0000000702800000, 0x0000000702800000, 0x0000000702a00000|  0%| F|  |TAMS 0x0000000702800000, 0x0000000702800000| Untracked 
|  21|0x0000000702a00000, 0x0000000702a00000, 0x0000000702c00000|  0%| F|  |TAMS 0x0000000702a00000, 0x0000000702a00000| Untracked 
|  22|0x0000000702c00000, 0x0000000702c00000, 0x0000000702e00000|  0%| F|  |TAMS 0x0000000702c00000, 0x0000000702c00000| Untracked 
|  23|0x0000000702e00000, 0x0000000702e00000, 0x0000000703000000|  0%| F|  |TAMS 0x0000000702e00000, 0x0000000702e00000| Untracked 
|  24|0x0000000703000000, 0x0000000703000000, 0x0000000703200000|  0%| F|  |TAMS 0x0000000703000000, 0x0000000703000000| Untracked 
|  25|0x0000000703200000, 0x0000000703200000, 0x0000000703400000|  0%| F|  |TAMS 0x0000000703200000, 0x0000000703200000| Untracked 
|  26|0x0000000703400000, 0x0000000703400000, 0x0000000703600000|  0%| F|  |TAMS 0x0000000703400000, 0x0000000703400000| Untracked 
|  27|0x0000000703600000, 0x0000000703600000, 0x0000000703800000|  0%| F|  |TAMS 0x0000000703600000, 0x0000000703600000| Untracked 
|  28|0x0000000703800000, 0x0000000703800000, 0x0000000703a00000|  0%| F|  |TAMS 0x0000000703800000, 0x0000000703800000| Untracked 
|  29|0x0000000703a00000, 0x0000000703a00000, 0x0000000703c00000|  0%| F|  |TAMS 0x0000000703a00000, 0x0000000703a00000| Untracked 
|  30|0x0000000703c00000, 0x0000000703c00000, 0x0000000703e00000|  0%| F|  |TAMS 0x0000000703c00000, 0x0000000703c00000| Untracked 
|  31|0x0000000703e00000, 0x0000000703e00000, 0x0000000704000000|  0%| F|  |TAMS 0x0000000703e00000, 0x0000000703e00000| Untracked 
|  32|0x0000000704000000, 0x0000000704000000, 0x0000000704200000|  0%| F|  |TAMS 0x0000000704000000, 0x0000000704000000| Untracked 
|  33|0x0000000704200000, 0x0000000704200000, 0x0000000704400000|  0%| F|  |TAMS 0x0000000704200000, 0x0000000704200000| Untracked 
|  34|0x0000000704400000, 0x0000000704400000, 0x0000000704600000|  0%| F|  |TAMS 0x0000000704400000, 0x0000000704400000| Untracked 
|  35|0x0000000704600000, 0x0000000704600000, 0x0000000704800000|  0%| F|  |TAMS 0x0000000704600000, 0x0000000704600000| Untracked 
|  36|0x0000000704800000, 0x0000000704800000, 0x0000000704a00000|  0%| F|  |TAMS 0x0000000704800000, 0x0000000704800000| Untracked 
|  37|0x0000000704a00000, 0x0000000704a00000, 0x0000000704c00000|  0%| F|  |TAMS 0x0000000704a00000, 0x0000000704a00000| Untracked 
|  38|0x0000000704c00000, 0x0000000704c00000, 0x0000000704e00000|  0%| F|  |TAMS 0x0000000704c00000, 0x0000000704c00000| Untracked 
|  39|0x0000000704e00000, 0x0000000704e00000, 0x0000000705000000|  0%| F|  |TAMS 0x0000000704e00000, 0x0000000704e00000| Untracked 
|  40|0x0000000705000000, 0x0000000705000000, 0x0000000705200000|  0%| F|  |TAMS 0x0000000705000000, 0x0000000705000000| Untracked 
|  41|0x0000000705200000, 0x0000000705200000, 0x0000000705400000|  0%| F|  |TAMS 0x0000000705200000, 0x0000000705200000| Untracked 
|  42|0x0000000705400000, 0x0000000705400000, 0x0000000705600000|  0%| F|  |TAMS 0x0000000705400000, 0x0000000705400000| Untracked 
|  43|0x0000000705600000, 0x0000000705600000, 0x0000000705800000|  0%| F|  |TAMS 0x0000000705600000, 0x0000000705600000| Untracked 
|  44|0x0000000705800000, 0x0000000705800000, 0x0000000705a00000|  0%| F|  |TAMS 0x0000000705800000, 0x0000000705800000| Untracked 
|  45|0x0000000705a00000, 0x0000000705a00000, 0x0000000705c00000|  0%| F|  |TAMS 0x0000000705a00000, 0x0000000705a00000| Untracked 
|  46|0x0000000705c00000, 0x0000000705c00000, 0x0000000705e00000|  0%| F|  |TAMS 0x0000000705c00000, 0x0000000705c00000| Untracked 
|  47|0x0000000705e00000, 0x0000000705e00000, 0x0000000706000000|  0%| F|  |TAMS 0x0000000705e00000, 0x0000000705e00000| Untracked 
|  48|0x0000000706000000, 0x0000000706000000, 0x0000000706200000|  0%| F|  |TAMS 0x0000000706000000, 0x0000000706000000| Untracked 
|  49|0x0000000706200000, 0x0000000706200000, 0x0000000706400000|  0%| F|  |TAMS 0x0000000706200000, 0x0000000706200000| Untracked 
|  50|0x0000000706400000, 0x0000000706400000, 0x0000000706600000|  0%| F|  |TAMS 0x0000000706400000, 0x0000000706400000| Untracked 
|  51|0x0000000706600000, 0x0000000706600000, 0x0000000706800000|  0%| F|  |TAMS 0x0000000706600000, 0x0000000706600000| Untracked 
|  52|0x0000000706800000, 0x0000000706800000, 0x0000000706a00000|  0%| F|  |TAMS 0x0000000706800000, 0x0000000706800000| Untracked 
|  53|0x0000000706a00000, 0x0000000706a00000, 0x0000000706c00000|  0%| F|  |TAMS 0x0000000706a00000, 0x0000000706a00000| Untracked 
|  54|0x0000000706c00000, 0x0000000706c00000, 0x0000000706e00000|  0%| F|  |TAMS 0x0000000706c00000, 0x0000000706c00000| Untracked 
|  55|0x0000000706e00000, 0x0000000706e00000, 0x0000000707000000|  0%| F|  |TAMS 0x0000000706e00000, 0x0000000706e00000| Untracked 
|  56|0x0000000707000000, 0x0000000707000000, 0x0000000707200000|  0%| F|  |TAMS 0x0000000707000000, 0x0000000707000000| Untracked 
|  57|0x0000000707200000, 0x0000000707200000, 0x0000000707400000|  0%| F|  |TAMS 0x0000000707200000, 0x0000000707200000| Untracked 
|  58|0x0000000707400000, 0x0000000707400000, 0x0000000707600000|  0%| F|  |TAMS 0x0000000707400000, 0x0000000707400000| Untracked 
|  59|0x0000000707600000, 0x0000000707600000, 0x0000000707800000|  0%| F|  |TAMS 0x0000000707600000, 0x0000000707600000| Untracked 
|  60|0x0000000707800000, 0x0000000707800000, 0x0000000707a00000|  0%| F|  |TAMS 0x0000000707800000, 0x0000000707800000| Untracked 
|  61|0x0000000707a00000, 0x0000000707a00000, 0x0000000707c00000|  0%| F|  |TAMS 0x0000000707a00000, 0x0000000707a00000| Untracked 
|  62|0x0000000707c00000, 0x0000000707c00000, 0x0000000707e00000|  0%| F|  |TAMS 0x0000000707c00000, 0x0000000707c00000| Untracked 
|  63|0x0000000707e00000, 0x0000000707e00000, 0x0000000708000000|  0%| F|  |TAMS 0x0000000707e00000, 0x0000000707e00000| Untracked 
|  64|0x0000000708000000, 0x0000000708000000, 0x0000000708200000|  0%| F|  |TAMS 0x0000000708000000, 0x0000000708000000| Untracked 
|  65|0x0000000708200000, 0x0000000708200000, 0x0000000708400000|  0%| F|  |TAMS 0x0000000708200000, 0x0000000708200000| Untracked 
|  66|0x0000000708400000, 0x0000000708400000, 0x0000000708600000|  0%| F|  |TAMS 0x0000000708400000, 0x0000000708400000| Untracked 
|  67|0x0000000708600000, 0x0000000708600000, 0x0000000708800000|  0%| F|  |TAMS 0x0000000708600000, 0x0000000708600000| Untracked 
|  68|0x0000000708800000, 0x0000000708800000, 0x0000000708a00000|  0%| F|  |TAMS 0x0000000708800000, 0x0000000708800000| Untracked 
|  69|0x0000000708a00000, 0x0000000708a00000, 0x0000000708c00000|  0%| F|  |TAMS 0x0000000708a00000, 0x0000000708a00000| Untracked 
|  70|0x0000000708c00000, 0x0000000708c00000, 0x0000000708e00000|  0%| F|  |TAMS 0x0000000708c00000, 0x0000000708c00000| Untracked 
|  71|0x0000000708e00000, 0x0000000708e00000, 0x0000000709000000|  0%| F|  |TAMS 0x0000000708e00000, 0x0000000708e00000| Untracked 
|  72|0x0000000709000000, 0x0000000709000000, 0x0000000709200000|  0%| F|  |TAMS 0x0000000709000000, 0x0000000709000000| Untracked 
|  73|0x0000000709200000, 0x0000000709200000, 0x0000000709400000|  0%| F|  |TAMS 0x0000000709200000, 0x0000000709200000| Untracked 
|  74|0x0000000709400000, 0x0000000709400000, 0x0000000709600000|  0%| F|  |TAMS 0x0000000709400000, 0x0000000709400000| Untracked 
|  75|0x0000000709600000, 0x0000000709600000, 0x0000000709800000|  0%| F|  |TAMS 0x0000000709600000, 0x0000000709600000| Untracked 
|  76|0x0000000709800000, 0x0000000709800000, 0x0000000709a00000|  0%| F|  |TAMS 0x0000000709800000, 0x0000000709800000| Untracked 
|  77|0x0000000709a00000, 0x0000000709a00000, 0x0000000709c00000|  0%| F|  |TAMS 0x0000000709a00000, 0x0000000709a00000| Untracked 
|  78|0x0000000709c00000, 0x0000000709c00000, 0x0000000709e00000|  0%| F|  |TAMS 0x0000000709c00000, 0x0000000709c00000| Untracked 
|  79|0x0000000709e00000, 0x0000000709e00000, 0x000000070a000000|  0%| F|  |TAMS 0x0000000709e00000, 0x0000000709e00000| Untracked 
|  80|0x000000070a000000, 0x000000070a000000, 0x000000070a200000|  0%| F|  |TAMS 0x000000070a000000, 0x000000070a000000| Untracked 
|  81|0x000000070a200000, 0x000000070a200000, 0x000000070a400000|  0%| F|  |TAMS 0x000000070a200000, 0x000000070a200000| Untracked 
|  82|0x000000070a400000, 0x000000070a400000, 0x000000070a600000|  0%| F|  |TAMS 0x000000070a400000, 0x000000070a400000| Untracked 
|  83|0x000000070a600000, 0x000000070a600000, 0x000000070a800000|  0%| F|  |TAMS 0x000000070a600000, 0x000000070a600000| Untracked 
|  84|0x000000070a800000, 0x000000070a800000, 0x000000070aa00000|  0%| F|  |TAMS 0x000000070a800000, 0x000000070a800000| Untracked 
|  85|0x000000070aa00000, 0x000000070aa00000, 0x000000070ac00000|  0%| F|  |TAMS 0x000000070aa00000, 0x000000070aa00000| Untracked 
|  86|0x000000070ac00000, 0x000000070ac00000, 0x000000070ae00000|  0%| F|  |TAMS 0x000000070ac00000, 0x000000070ac00000| Untracked 
|  87|0x000000070ae00000, 0x000000070ae00000, 0x000000070b000000|  0%| F|  |TAMS 0x000000070ae00000, 0x000000070ae00000| Untracked 
|  88|0x000000070b000000, 0x000000070b000000, 0x000000070b200000|  0%| F|  |TAMS 0x000000070b000000, 0x000000070b000000| Untracked 
|  89|0x000000070b200000, 0x000000070b200000, 0x000000070b400000|  0%| F|  |TAMS 0x000000070b200000, 0x000000070b200000| Untracked 
|  90|0x000000070b400000, 0x000000070b400000, 0x000000070b600000|  0%| F|  |TAMS 0x000000070b400000, 0x000000070b400000| Untracked 
|  91|0x000000070b600000, 0x000000070b600000, 0x000000070b800000|  0%| F|  |TAMS 0x000000070b600000, 0x000000070b600000| Untracked 
|  92|0x000000070b800000, 0x000000070b800000, 0x000000070ba00000|  0%| F|  |TAMS 0x000000070b800000, 0x000000070b800000| Untracked 
|  93|0x000000070ba00000, 0x000000070ba00000, 0x000000070bc00000|  0%| F|  |TAMS 0x000000070ba00000, 0x000000070ba00000| Untracked 
|  94|0x000000070bc00000, 0x000000070bc00000, 0x000000070be00000|  0%| F|  |TAMS 0x000000070bc00000, 0x000000070bc00000| Untracked 
|  95|0x000000070be00000, 0x000000070be00000, 0x000000070c000000|  0%| F|  |TAMS 0x000000070be00000, 0x000000070be00000| Untracked 
|  96|0x000000070c000000, 0x000000070c000000, 0x000000070c200000|  0%| F|  |TAMS 0x000000070c000000, 0x000000070c000000| Untracked 
|  97|0x000000070c200000, 0x000000070c200000, 0x000000070c400000|  0%| F|  |TAMS 0x000000070c200000, 0x000000070c200000| Untracked 
|  98|0x000000070c400000, 0x000000070c400000, 0x000000070c600000|  0%| F|  |TAMS 0x000000070c400000, 0x000000070c400000| Untracked 
|  99|0x000000070c600000, 0x000000070c600000, 0x000000070c800000|  0%| F|  |TAMS 0x000000070c600000, 0x000000070c600000| Untracked 
| 100|0x000000070c800000, 0x000000070c800000, 0x000000070ca00000|  0%| F|  |TAMS 0x000000070c800000, 0x000000070c800000| Untracked 
| 101|0x000000070ca00000, 0x000000070ca00000, 0x000000070cc00000|  0%| F|  |TAMS 0x000000070ca00000, 0x000000070ca00000| Untracked 
| 102|0x000000070cc00000, 0x000000070cc00000, 0x000000070ce00000|  0%| F|  |TAMS 0x000000070cc00000, 0x000000070cc00000| Untracked 
| 103|0x000000070ce00000, 0x000000070ce00000, 0x000000070d000000|  0%| F|  |TAMS 0x000000070ce00000, 0x000000070ce00000| Untracked 
| 104|0x000000070d000000, 0x000000070d000000, 0x000000070d200000|  0%| F|  |TAMS 0x000000070d000000, 0x000000070d000000| Untracked 
| 105|0x000000070d200000, 0x000000070d200000, 0x000000070d400000|  0%| F|  |TAMS 0x000000070d200000, 0x000000070d200000| Untracked 
| 106|0x000000070d400000, 0x000000070d400000, 0x000000070d600000|  0%| F|  |TAMS 0x000000070d400000, 0x000000070d400000| Untracked 
| 107|0x000000070d600000, 0x000000070d600000, 0x000000070d800000|  0%| F|  |TAMS 0x000000070d600000, 0x000000070d600000| Untracked 
| 108|0x000000070d800000, 0x000000070d800000, 0x000000070da00000|  0%| F|  |TAMS 0x000000070d800000, 0x000000070d800000| Untracked 
| 109|0x000000070da00000, 0x000000070da00000, 0x000000070dc00000|  0%| F|  |TAMS 0x000000070da00000, 0x000000070da00000| Untracked 
| 110|0x000000070dc00000, 0x000000070dc00000, 0x000000070de00000|  0%| F|  |TAMS 0x000000070dc00000, 0x000000070dc00000| Untracked 
| 111|0x000000070de00000, 0x000000070de00000, 0x000000070e000000|  0%| F|  |TAMS 0x000000070de00000, 0x000000070de00000| Untracked 
| 112|0x000000070e000000, 0x000000070e000000, 0x000000070e200000|  0%| F|  |TAMS 0x000000070e000000, 0x000000070e000000| Untracked 
| 113|0x000000070e200000, 0x000000070e200000, 0x000000070e400000|  0%| F|  |TAMS 0x000000070e200000, 0x000000070e200000| Untracked 
| 114|0x000000070e400000, 0x000000070e400000, 0x000000070e600000|  0%| F|  |TAMS 0x000000070e400000, 0x000000070e400000| Untracked 
| 115|0x000000070e600000, 0x000000070e600000, 0x000000070e800000|  0%| F|  |TAMS 0x000000070e600000, 0x000000070e600000| Untracked 
| 116|0x000000070e800000, 0x000000070e800000, 0x000000070ea00000|  0%| F|  |TAMS 0x000000070e800000, 0x000000070e800000| Untracked 
| 117|0x000000070ea00000, 0x000000070ea00000, 0x000000070ec00000|  0%| F|  |TAMS 0x000000070ea00000, 0x000000070ea00000| Untracked 
| 118|0x000000070ec00000, 0x000000070ec00000, 0x000000070ee00000|  0%| F|  |TAMS 0x000000070ec00000, 0x000000070ec00000| Untracked 
| 119|0x000000070ee00000, 0x000000070ee00000, 0x000000070f000000|  0%| F|  |TAMS 0x000000070ee00000, 0x000000070ee00000| Untracked 
| 120|0x000000070f000000, 0x000000070f000000, 0x000000070f200000|  0%| F|  |TAMS 0x000000070f000000, 0x000000070f000000| Untracked 
| 121|0x000000070f200000, 0x000000070f200000, 0x000000070f400000|  0%| F|  |TAMS 0x000000070f200000, 0x000000070f200000| Untracked 
| 122|0x000000070f400000, 0x000000070f400000, 0x000000070f600000|  0%| F|  |TAMS 0x000000070f400000, 0x000000070f400000| Untracked 
| 123|0x000000070f600000, 0x000000070f600000, 0x000000070f800000|  0%| F|  |TAMS 0x000000070f600000, 0x000000070f600000| Untracked 
| 124|0x000000070f800000, 0x000000070f800000, 0x000000070fa00000|  0%| F|  |TAMS 0x000000070f800000, 0x000000070f800000| Untracked 
| 125|0x000000070fa00000, 0x000000070fa00000, 0x000000070fc00000|  0%| F|  |TAMS 0x000000070fa00000, 0x000000070fa00000| Untracked 
| 126|0x000000070fc00000, 0x000000070fce1d00, 0x000000070fe00000| 44%| E|  |TAMS 0x000000070fc00000, 0x000000070fc00000| Complete 
| 127|0x000000070fe00000, 0x0000000710000000, 0x0000000710000000|100%| E|CS|TAMS 0x000000070fe00000, 0x000000070fe00000| Complete 
|1534|0x00000007bfc00000, 0x00000007bfd51000, 0x00000007bfe00000| 65%|OA|  |TAMS 0x00000007bfc00000, 0x00000007bfc00000| Untracked 
|1535|0x00000007bfe00000, 0x00000007bfe79000, 0x00000007c0000000| 23%|CA|  |TAMS 0x00000007bfe00000, 0x00000007bfe00000| Untracked 

Card table byte_map: [0x000000012978e000,0x0000000129f8e000] _byte_map_base: 0x0000000125f8e000

Marking Bits (Prev, Next): (CMBitMap*) 0x00007f8b46828c10, (CMBitMap*) 0x00007f8b46828c50
 Prev Bits: [0x000000012a78e000, 0x000000012e78e000)
 Next Bits: [0x000000012e78e000, 0x000000013278e000)

Polling page: 0x0000000102dd7000

Metaspace:

Usage:
  Non-class:      4.03 MB capacity,   996.88 KB ( 24%) used,     3.06 MB ( 76%) free+waste,   960 bytes ( <1%) overhead. 
      Class:    394.00 KB capacity,    98.80 KB ( 25%) used,   294.70 KB ( 75%) free+waste,   512 bytes ( <1%) overhead. 
       Both:      4.42 MB capacity,     1.07 MB ( 24%) used,     3.34 MB ( 76%) free+waste,     1.44 KB ( <1%) overhead. 

Virtual space:
  Non-class space:        8.00 MB reserved,       4.25 MB ( 53%) committed 
      Class space:        1.00 GB reserved,     512.00 KB ( <1%) committed 
             Both:        1.01 GB reserved,       4.75 MB ( <1%) committed 

Chunk freelists:
   Non-Class:  0 bytes
       Class:  0 bytes
        Both:  0 bytes

MaxMetaspaceSize: 17179869184.00 GB
CompressedClassSpaceSize: 1.00 GB

CodeHeap 'non-profiled nmethods': size=120028Kb used=68Kb max_used=68Kb free=119959Kb
 bounds [0x0000000121a57000, 0x0000000121cc7000, 0x0000000128f8e000]
CodeHeap 'profiled nmethods': size=120028Kb used=305Kb max_used=305Kb free=119722Kb
 bounds [0x000000011a520000, 0x000000011a790000, 0x0000000121a57000]
CodeHeap 'non-nmethods': size=5704Kb used=1125Kb max_used=1139Kb free=4578Kb
 bounds [0x0000000119f8e000, 0x000000011a1fe000, 0x000000011a520000]
 total_blobs=622 nmethods=246 adapters=291
 compilation: enabled
              stopped_count=0, restarted_count=0
 full_count=0

Compilation events (20 events):
Event: 1.129 Thread 0x00007f8b4683a000  236       4       java.lang.StringLatin1::hashCode (42 bytes)
Event: 1.130 Thread 0x00007f8b3680b000  237       3       java.lang.Class::getName (18 bytes)
Event: 1.130 Thread 0x00007f8b3680b000 nmethod 237 0x000000011a56a210 code [0x000000011a56a3a0, 0x000000011a56a520]
Event: 1.131 Thread 0x00007f8b4683a000 nmethod 236 0x0000000121a67310 code [0x0000000121a67480, 0x0000000121a675d8]
Event: 1.132 Thread 0x00007f8b3680b000  238       1       java.util.LinkedHashMap::removeEldestEntry (2 bytes)
Event: 1.132 Thread 0x00007f8b4683a000  239       4       java.util.HashMap$Node::<init> (26 bytes)
Event: 1.132 Thread 0x00007f8b3680b000 nmethod 238 0x0000000121a67710 code [0x0000000121a678a0, 0x0000000121a67950]
Event: 1.132 Thread 0x00007f8b3680b000  242       3       java.util.LinkedHashMap::linkNodeLast (33 bytes)
Event: 1.132 Thread 0x00007f8b3680b000 nmethod 242 0x000000011a56a610 code [0x000000011a56a7c0, 0x000000011a56aab0]
Event: 1.132 Thread 0x00007f8b3680b000  240       3       java.util.LinkedHashMap::newNode (23 bytes)
Event: 1.133 Thread 0x00007f8b3680b000 nmethod 240 0x000000011a56ab90 code [0x000000011a56ad40, 0x000000011a56b140]
Event: 1.133 Thread 0x00007f8b3680b000  241       3       java.util.LinkedHashMap$Entry::<init> (10 bytes)
Event: 1.133 Thread 0x00007f8b3680b000 nmethod 241 0x000000011a56b310 code [0x000000011a56b4c0, 0x000000011a56b7b0]
Event: 1.133 Thread 0x00007f8b3680b000  243       3       java.util.LinkedHashMap::afterNodeInsertion (40 bytes)
Event: 1.133 Thread 0x00007f8b3680b000 nmethod 243 0x000000011a56b890 code [0x000000011a56ba20, 0x000000011a56bbf0]
Event: 1.134 Thread 0x00007f8b4683a000 nmethod 239 0x0000000121a67a10 code [0x0000000121a67b80, 0x0000000121a67eb8]
Event: 1.136 Thread 0x00007f8b3680b000  244       3       jdk.internal.misc.Unsafe::putReferenceRelease (9 bytes)
Event: 1.136 Thread 0x00007f8b3680b000 nmethod 244 0x000000011a56bc90 code [0x000000011a56be20, 0x000000011a56bf70]
Event: 1.136 Thread 0x00007f8b3680b000  246       3       java.util.concurrent.ConcurrentHashMap::setTabAt (20 bytes)
Event: 1.136 Thread 0x00007f8b3680b000 nmethod 246 0x000000011a56c010 code [0x000000011a56c1a0, 0x000000011a56c3c0]

GC Heap History (0 events):
No events

Deoptimization events (8 events):
Event: 0.188 Thread 0x00007f8b47008800 Uncommon trap: trap_request=0xfffffff4 fr.pc=0x0000000121a63f90 relative=0x0000000000000190
Event: 0.188 Thread 0x00007f8b47008800 Uncommon trap: reason=null_check action=make_not_entrant pc=0x0000000121a63f90 method=java.lang.String.equals(Ljava/lang/Object;)Z @ 8 c2
Event: 0.188 Thread 0x00007f8b47008800 DEOPT PACKING pc=0x0000000121a63f90 sp=0x000000030a1a2650
Event: 0.188 Thread 0x00007f8b47008800 DEOPT UNPACKING pc=0x0000000119fdbe1f sp=0x000000030a1a2618 mode 2
Event: 0.203 Thread 0x00007f8b47008800 Uncommon trap: trap_request=0xffffff45 fr.pc=0x0000000121a5f7b0 relative=0x00000000000001b0
Event: 0.203 Thread 0x00007f8b47008800 Uncommon trap: reason=unstable_if action=reinterpret pc=0x0000000121a5f7b0 method=java.lang.String.isLatin1()Z @ 10 c2
Event: 0.203 Thread 0x00007f8b47008800 DEOPT PACKING pc=0x0000000121a5f7b0 sp=0x000000030a1a2eb0
Event: 0.203 Thread 0x00007f8b47008800 DEOPT UNPACKING pc=0x0000000119fdbe1f sp=0x000000030a1a2e00 mode 2

Classes unloaded (0 events):
No events

Classes redefined (0 events):
No events

Internal exceptions (4 events):
Event: 0.188 Thread 0x00007f8b47008800 Implicit null exception at 0x0000000121a63e35 to 0x0000000121a63f80
Event: 0.212 Thread 0x00007f8b47810800 Exception <a 'java/lang/NoSuchMethodError'{0x000000070ffc87e0}: 'java.lang.Object java.lang.invoke.DirectMethodHandle$Holder.invokeStatic(java.lang.Object)'> (0x000000070ffc87e0) 
thrown [./open/src/hotspot/share/interpreter/linkResolver.cpp, line 782]
Event: 0.213 Thread 0x00007f8b47810800 Exception <a 'java/lang/NoSuchMethodError'{0x000000070ffcbfc8}: 'java.lang.Object java.lang.invoke.DirectMethodHandle$Holder.invokeStaticInit(java.lang.Object)'> (0x000000070ffcbfc8) 
thrown [./open/src/hotspot/share/interpreter/linkResolver.cpp, line 782]
Event: 0.226 Thread 0x00007f8b47810800 Exception <a 'java/lang/NoSuchMethodError'{0x000000070ffd9ef8}: 'void java.lang.invoke.DirectMethodHandle$Holder.invokeStatic(java.lang.Object, java.lang.Object)'> (0x000000070ffd9ef8) 
thrown [./open/src/hotspot/share/interpreter/linkResolver.cpp, line 782]

Events (20 events):
Event: 1.126 loading class sun/util/locale/provider/BaseLocaleDataMetaInfo
Event: 1.126 loading class sun/util/locale/provider/BaseLocaleDataMetaInfo done
Event: 1.130 loading class sun/util/resources/cldr/TimeZoneNames
Event: 1.130 loading class sun/util/resources/TimeZoneNamesBundle
Event: 1.130 loading class sun/util/resources/OpenListResourceBundle
Event: 1.130 loading class sun/util/resources/OpenListResourceBundle done
Event: 1.130 loading class sun/util/resources/TimeZoneNamesBundle done
Event: 1.130 loading class sun/util/resources/cldr/TimeZoneNames done
Event: 1.131 loading class sun/util/resources/cldr/TimeZoneNames_en
Event: 1.131 loading class sun/util/resources/cldr/TimeZoneNames_en done
Event: 1.131 loading class sun/util/resources/cldr/TimeZoneNames_en_US
Event: 1.131 loading class sun/util/resources/cldr/TimeZoneNames_en_US done
Event: 1.132 loading class java/util/LinkedHashMap$LinkedKeySet
Event: 1.132 loading class java/util/LinkedHashMap$LinkedKeySet done
Event: 1.133 loading class sun/util/resources/TimeZoneNames
Event: 1.133 loading class sun/util/resources/TimeZoneNames done
Event: 1.133 loading class sun/util/resources/TimeZoneNames_en
Event: 1.133 loading class sun/util/resources/TimeZoneNames_en done
Event: 2.008 Executing VM operation: HandshakeAllThreads
Event: 2.008 Executing VM operation: HandshakeAllThreads done


Dynamic libraries:
0x00007ffdffe6c000 	/Library/Apple/usr/libexec/oah/runtime
0x00007fff2a5e1000 	/usr/lib/libz.1.dylib
0x000000010b07b000 	/Users/odogyeong/Library/Java/JavaVirtualMachines/openjdk-15.0.2/Contents/Home/lib/libjli.dylib
0x00007fff35293000 	/System/Library/Frameworks/Cocoa.framework/Versions/A/Cocoa
0x00007fff22138000 	/System/Library/Frameworks/Security.framework/Versions/A/Security
0x00007fff33490000 	/System/Library/Frameworks/ApplicationServices.framework/Versions/A/ApplicationServices
0x00007fff2a6ad000 	/usr/lib/libSystem.B.dylib
0x00007fff2a6a7000 	/usr/lib/system/libcache.dylib
0x00007fff2a663000 	/usr/lib/system/libcommonCrypto.dylib
0x00007fff2a68d000 	/usr/lib/system/libcompiler_rt.dylib
0x00007fff2a682000 	/usr/lib/system/libcopyfile.dylib
0x00007fff200d6000 	/usr/lib/system/libcorecrypto.dylib
0x00007fff201a3000 	/usr/lib/system/libdispatch.dylib
0x00007fff20358000 	/usr/lib/system/libdyld.dylib
0x00007fff2a69e000 	/usr/lib/system/libkeymgr.dylib
0x00007fff2dc42000 	/usr/lib/system/liblaunch.dylib
0x00007fff2a641000 	/usr/lib/system/libmacho.dylib
0x00007fff29e56000 	/usr/lib/system/libquarantine.dylib
0x00007fff2a69b000 	/usr/lib/system/libremovefile.dylib
0x00007fff24acf000 	/usr/lib/system/libsystem_asl.dylib
0x00007fff20086000 	/usr/lib/system/libsystem_blocks.dylib
0x00007fff20225000 	/usr/lib/system/libsystem_c.dylib
0x00007fff2a695000 	/usr/lib/system/libsystem_collections.dylib
0x00007fff29243000 	/usr/lib/system/libsystem_configuration.dylib
0x00007fff2852f000 	/usr/lib/system/libsystem_containermanager.dylib
0x00007fff2a3d9000 	/usr/lib/system/libsystem_coreservices.dylib
0x00007fff226ec000 	/usr/lib/system/libsystem_darwin.dylib
0x00007fff2a69f000 	/usr/lib/system/libsystem_dnssd.dylib
0x00007fff20222000 	/usr/lib/system/libsystem_featureflags.dylib
0x00007fff2039d000 	/usr/lib/system/libsystem_info.dylib
0x00007fff2a5f4000 	/usr/lib/system/libsystem_m.dylib
0x00007fff20176000 	/usr/lib/system/libsystem_malloc.dylib
0x00007fff24a63000 	/usr/lib/system/libsystem_networkextension.dylib
0x00007fff22b07000 	/usr/lib/system/libsystem_notify.dylib
0x00007fff300f6000 	/usr/lib/system/libsystem_product_info_filter.dylib
0x00007fff29247000 	/usr/lib/system/libsystem_sandbox.dylib
0x00007fff2a698000 	/usr/lib/system/libsystem_secinit.dylib
0x00007fff2031d000 	/usr/lib/system/libsystem_kernel.dylib
0x00007fff20393000 	/usr/lib/system/libsystem_platform.dylib
0x00007fff2034c000 	/usr/lib/system/libsystem_pthread.dylib
0x00007fff261fd000 	/usr/lib/system/libsystem_symptoms.dylib
0x00007fff200be000 	/usr/lib/system/libsystem_trace.dylib
0x00007fff2a66f000 	/usr/lib/system/libunwind.dylib
0x00007fff20088000 	/usr/lib/system/libxpc.dylib
0x00007fff20304000 	/usr/lib/libc++abi.dylib
0x00007fff201e8000 	/usr/lib/libobjc.A.dylib
0x00007fff2a67a000 	/usr/lib/liboah.dylib
0x00007fff202ae000 	/usr/lib/libc++.1.dylib
0x00007fff203c9000 	/System/Library/Frameworks/CoreFoundation.framework/Versions/A/CoreFoundation
0x00007fff210ab000 	/System/Library/Frameworks/Foundation.framework/Versions/C/Foundation
0x00007fff22b5f000 	/System/Library/Frameworks/AppKit.framework/Versions/C/AppKit
0x00007fff25a1d000 	/System/Library/Frameworks/CoreData.framework/Versions/A/CoreData
0x00007fff238c2000 	/System/Library/PrivateFrameworks/UIFoundation.framework/Versions/A/UIFoundation
0x00007fff2fe6f000 	/System/Library/PrivateFrameworks/RemoteViewServices.framework/Versions/A/RemoteViewServices
0x00007fff28bf9000 	/System/Library/PrivateFrameworks/XCTTargetBootstrap.framework/Versions/A/XCTTargetBootstrap
0x00007fff2b94b000 	/usr/lib/libspindump.dylib
0x00007fff23b17000 	/System/Library/Frameworks/UniformTypeIdentifiers.framework/Versions/A/UniformTypeIdentifiers
0x00007fff273cf000 	/usr/lib/libapp_launch_measurement.dylib
0x00007fff273d2000 	/System/Library/PrivateFrameworks/CoreAutoLayout.framework/Versions/A/CoreAutoLayout
0x00007fff2855b000 	/System/Library/Frameworks/Metal.framework/Versions/A/Metal
0x00007fff29252000 	/usr/lib/liblangid.dylib
0x00007fff28bfd000 	/System/Library/PrivateFrameworks/CoreSVG.framework/Versions/A/CoreSVG
0x00007fff24afe000 	/System/Library/PrivateFrameworks/SkyLight.framework/Versions/A/SkyLight
0x00007fff24e65000 	/System/Library/Frameworks/CoreGraphics.framework/Versions/A/CoreGraphics
0x00007fff304c6000 	/System/Library/Frameworks/Accelerate.framework/Versions/A/Accelerate
0x00007fff2b386000 	/System/Library/PrivateFrameworks/IconServices.framework/Versions/A/IconServices
0x00007fff28540000 	/System/Library/Frameworks/IOSurface.framework/Versions/A/IOSurface
0x00007fff263af000 	/usr/lib/libDiagnosticMessagesClient.dylib
0x00007fff28be5000 	/System/Library/PrivateFrameworks/DFRFoundation.framework/Versions/A/DFRFoundation
0x00007fff2248a000 	/usr/lib/libicucore.A.dylib
0x00007fff2ce90000 	/System/Library/Frameworks/AudioToolbox.framework/Versions/A/AudioToolbox
0x00007fff2c135000 	/System/Library/PrivateFrameworks/DataDetectorsCore.framework/Versions/A/DataDetectorsCore
0x00007fff288e5000 	/System/Library/Frameworks/Carbon.framework/Versions/A/Frameworks/HIToolbox.framework/Versions/A/HIToolbox
0x00007fff26e2a000 	/System/Library/Frameworks/QuartzCore.framework/Versions/A/QuartzCore
0x00007fff2feab000 	/System/Library/Frameworks/Carbon.framework/Versions/A/Frameworks/SpeechRecognition.framework/Versions/A/SpeechRecognition
0x00007fff27137000 	/System/Library/PrivateFrameworks/CoreUI.framework/Versions/A/CoreUI
0x00007fff21a93000 	/System/Library/Frameworks/CoreAudio.framework/Versions/A/CoreAudio
0x00007fff2649a000 	/System/Library/Frameworks/DiskArbitration.framework/Versions/A/DiskArbitration
0x00007fff2bd45000 	/System/Library/PrivateFrameworks/MultitouchSupport.framework/Versions/A/MultitouchSupport
0x00007fff2c12c000 	/System/Library/PrivateFrameworks/InternationalSupport.framework/Versions/A/InternationalSupport
0x00007fff24a72000 	/usr/lib/libenergytrace.dylib
0x00007fff22a58000 	/System/Library/Frameworks/IOKit.framework/Versions/A/IOKit
0x00007fff301f8000 	/System/Library/Frameworks/CoreServices.framework/Versions/A/CoreServices
0x00007fff27365000 	/System/Library/PrivateFrameworks/PerformanceAnalysis.framework/Versions/A/PerformanceAnalysis
0x00007fff6cb6d000 	/System/Library/Frameworks/OpenGL.framework/Versions/A/OpenGL
0x00007fff2c1b1000 	/System/Library/PrivateFrameworks/UserActivity.framework/Versions/A/UserActivity
0x00007fff2551f000 	/System/Library/Frameworks/ColorSync.framework/Versions/A/ColorSync
0x00007fff28e69000 	/System/Library/Frameworks/CoreImage.framework/Versions/A/CoreImage
0x00007fff218aa000 	/System/Library/Frameworks/CoreText.framework/Versions/A/CoreText
0x00007fff28c27000 	/System/Library/Frameworks/ImageIO.framework/Versions/A/ImageIO
0x00007fff2a6b3000 	/System/Library/PrivateFrameworks/SoftLinking.framework/Versions/A/SoftLinking
0x00007fff2741b000 	/usr/lib/libxml2.2.dylib
0x00007fff2a925000 	/usr/lib/libcompression.dylib
0x00007fff24a73000 	/usr/lib/libMobileGestalt.dylib
0x00007fff2c05f000 	/System/Library/PrivateFrameworks/TextureIO.framework/Versions/A/TextureIO
0x00007fff2b013000 	/usr/lib/libate.dylib
0x00007fff2ad3e000 	/usr/lib/liblzma.5.dylib
0x00007fff20dbf000 	/System/Library/Frameworks/SystemConfiguration.framework/Versions/A/SystemConfiguration
0x00007fff2a6af000 	/usr/lib/libfakelink.dylib
0x00007fff245c5000 	/System/Library/Frameworks/CFNetwork.framework/Versions/A/CFNetwork
0x00007fff2a7ef000 	/usr/lib/libarchive.2.dylib
0x00007fff20e3d000 	/usr/lib/libCRFSuite.dylib
0x00007fff29e7d000 	/usr/lib/libbsm.0.dylib
0x00007fff23f81000 	/usr/lib/libnetwork.dylib
0x00007fff2a6b4000 	/usr/lib/libpcap.A.dylib
0x00007fff261f6000 	/usr/lib/libdns_services.dylib
0x00007fff2ad57000 	/usr/lib/libcoretls_cfhelpers.dylib
0x00007fff2a8f3000 	/usr/lib/libapple_nghttp2.dylib
0x00007fff2a647000 	/usr/lib/system/libkxld.dylib
0x00007fff25e64000 	/usr/lib/libsqlite3.dylib
0x00007fff2a3bb000 	/System/Library/PrivateFrameworks/AppleFSCompression.framework/Versions/A/AppleFSCompression
0x00007fff29e65000 	/usr/lib/libcoretls.dylib
0x00007fff2a920000 	/usr/lib/libpam.2.dylib
0x00007fff2ae54000 	/usr/lib/libxar.1.dylib
0x00007fff2924e000 	/System/Library/PrivateFrameworks/AppleSystemInfo.framework/Versions/A/AppleSystemInfo
0x00007fff29aa8000 	/System/Library/PrivateFrameworks/IOMobileFramebuffer.framework/Versions/A/IOMobileFramebuffer
0x00007fff2a3cb000 	/usr/lib/libbz2.1.0.dylib
0x00007fff2a6ec000 	/usr/lib/libiconv.2.dylib
0x00007fff2a640000 	/usr/lib/libcharset.1.dylib
0x00007fff273a1000 	/System/Library/Frameworks/CoreServices.framework/Versions/A/Frameworks/FSEvents.framework/Versions/A/FSEvents
0x00007fff226f6000 	/System/Library/Frameworks/CoreServices.framework/Versions/A/Frameworks/CarbonCore.framework/Versions/A/CarbonCore
0x00007fff263ff000 	/System/Library/Frameworks/CoreServices.framework/Versions/A/Frameworks/Metadata.framework/Versions/A/Metadata
0x00007fff2a3de000 	/System/Library/Frameworks/CoreServices.framework/Versions/A/Frameworks/OSServices.framework/Versions/A/OSServices
0x00007fff2a861000 	/System/Library/Frameworks/CoreServices.framework/Versions/A/Frameworks/SearchKit.framework/Versions/A/SearchKit
0x00007fff26180000 	/System/Library/Frameworks/CoreServices.framework/Versions/A/Frameworks/AE.framework/Versions/A/AE
0x00007fff20865000 	/System/Library/Frameworks/CoreServices.framework/Versions/A/Frameworks/LaunchServices.framework/Versions/A/LaunchServices
0x00007fff2acef000 	/System/Library/Frameworks/CoreServices.framework/Versions/A/Frameworks/DictionaryServices.framework/Versions/A/DictionaryServices
0x00007fff273aa000 	/System/Library/Frameworks/CoreServices.framework/Versions/A/Frameworks/SharedFileList.framework/Versions/A/SharedFileList
0x00007fff29e59000 	/usr/lib/libCheckFix.dylib
0x00007fff24ae6000 	/System/Library/PrivateFrameworks/TCC.framework/Versions/A/TCC
0x00007fff29254000 	/System/Library/PrivateFrameworks/CoreNLP.framework/Versions/A/CoreNLP
0x00007fff263b2000 	/System/Library/PrivateFrameworks/MetadataUtilities.framework/Versions/A/MetadataUtilities
0x00007fff20e73000 	/usr/lib/libmecabra.dylib
0x00007fff2a16d000 	/System/Library/Frameworks/MLCompute.framework/Versions/A/MLCompute
0x00007fff29e8e000 	/usr/lib/libmecab.dylib
0x00007fff29ed8000 	/usr/lib/libgermantok.dylib
0x00007fff2a8c9000 	/usr/lib/libThaiTokenizer.dylib
0x00007fff2ae8f000 	/usr/lib/libChineseTokenizer.dylib
0x00007fff2a91e000 	/System/Library/Frameworks/MetalPerformanceShaders.framework/Versions/A/MetalPerformanceShaders
0x00007fff264a1000 	/System/Library/Frameworks/Accelerate.framework/Versions/A/Frameworks/vImage.framework/Versions/A/vImage
0x00007fff301d1000 	/System/Library/Frameworks/Accelerate.framework/Versions/A/Frameworks/vecLib.framework/Versions/A/vecLib
0x00007fff2ae9a000 	/System/Library/Frameworks/Accelerate.framework/Versions/A/Frameworks/vecLib.framework/Versions/A/libvMisc.dylib
0x00007fff29904000 	/System/Library/Frameworks/Accelerate.framework/Versions/A/Frameworks/vecLib.framework/Versions/A/libvDSP.dylib
0x00007fff20b69000 	/System/Library/Frameworks/Accelerate.framework/Versions/A/Frameworks/vecLib.framework/Versions/A/libBLAS.dylib
0x00007fff2a944000 	/System/Library/Frameworks/Accelerate.framework/Versions/A/Frameworks/vecLib.framework/Versions/A/libLAPACK.dylib
0x00007fff29ede000 	/System/Library/Frameworks/Accelerate.framework/Versions/A/Frameworks/vecLib.framework/Versions/A/libLinearAlgebra.dylib
0x00007fff2a90b000 	/System/Library/Frameworks/Accelerate.framework/Versions/A/Frameworks/vecLib.framework/Versions/A/libSparseBLAS.dylib
0x00007fff2a93e000 	/System/Library/Frameworks/Accelerate.framework/Versions/A/Frameworks/vecLib.framework/Versions/A/libQuadrature.dylib
0x00007fff292fc000 	/System/Library/Frameworks/Accelerate.framework/Versions/A/Frameworks/vecLib.framework/Versions/A/libBNNS.dylib
0x00007fff20d50000 	/System/Library/Frameworks/Accelerate.framework/Versions/A/Frameworks/vecLib.framework/Versions/A/libSparse.dylib
0x00007fff291e7000 	/System/Library/Frameworks/MetalPerformanceShaders.framework/Versions/A/Frameworks/MPSCore.framework/Versions/A/MPSCore
0x00007fff2a32a000 	/System/Library/Frameworks/MetalPerformanceShaders.framework/Versions/A/Frameworks/MPSImage.framework/Versions/A/MPSImage
0x00007fff29ef5000 	/System/Library/Frameworks/MetalPerformanceShaders.framework/Versions/A/Frameworks/MPSNeuralNetwork.framework/Versions/A/MPSNeuralNetwork
0x00007fff2a2b5000 	/System/Library/Frameworks/MetalPerformanceShaders.framework/Versions/A/Frameworks/MPSMatrix.framework/Versions/A/MPSMatrix
0x00007fff2a11d000 	/System/Library/Frameworks/MetalPerformanceShaders.framework/Versions/A/Frameworks/MPSRayIntersector.framework/Versions/A/MPSRayIntersector
0x00007fff2a2ec000 	/System/Library/Frameworks/MetalPerformanceShaders.framework/Versions/A/Frameworks/MPSNDArray.framework/Versions/A/MPSNDArray
0x00007fff20a95000 	/System/Library/PrivateFrameworks/MetalTools.framework/Versions/A/MetalTools
0x00007fff2924c000 	/System/Library/PrivateFrameworks/AggregateDictionary.framework/Versions/A/AggregateDictionary
0x00007fff2638a000 	/System/Library/PrivateFrameworks/CoreAnalytics.framework/Versions/A/CoreAnalytics
0x00007fff2a8cb000 	/System/Library/PrivateFrameworks/AppleSauce.framework/Versions/A/AppleSauce
0x00007fff28552000 	/System/Library/PrivateFrameworks/IOAccelerator.framework/Versions/A/IOAccelerator
0x00007fff6cb61000 	/System/Library/Frameworks/OpenGL.framework/Versions/A/Libraries/libCoreFSCache.dylib
0x00007fff2140f000 	/System/Library/PrivateFrameworks/LanguageModeling.framework/Versions/A/LanguageModeling
0x00007fff29a95000 	/System/Library/PrivateFrameworks/CoreEmoji.framework/Versions/A/CoreEmoji
0x00007fff292f5000 	/System/Library/PrivateFrameworks/LinguisticData.framework/Versions/A/LinguisticData
0x00007fff20d02000 	/System/Library/PrivateFrameworks/Lexicon.framework/Versions/A/Lexicon
0x00007fff2a7dd000 	/usr/lib/libcmph.dylib
0x00007fff27381000 	/System/Library/Frameworks/OpenDirectory.framework/Versions/A/Frameworks/CFOpenDirectory.framework/Versions/A/CFOpenDirectory
0x00007fff27371000 	/System/Library/Frameworks/OpenDirectory.framework/Versions/A/OpenDirectory
0x00007fff2ad59000 	/System/Library/PrivateFrameworks/APFS.framework/Versions/A/APFS
0x00007fff29dba000 	/System/Library/Frameworks/SecurityFoundation.framework/Versions/A/SecurityFoundation
0x00007fff2ae62000 	/usr/lib/libutil.dylib
0x00007fff22a1d000 	/System/Library/PrivateFrameworks/CoreServicesStore.framework/Versions/A/CoreServicesStore
0x00007fff29e51000 	/System/Library/Frameworks/ServiceManagement.framework/Versions/A/ServiceManagement
0x00007fff2ae66000 	/usr/lib/libxslt.1.dylib
0x00007fff29e47000 	/System/Library/PrivateFrameworks/BackgroundTaskManagement.framework/Versions/A/BackgroundTaskManagement
0x00007fff2bfaa000 	/System/Library/Frameworks/ImageIO.framework/Versions/A/Resources/libRadiance.dylib
0x00007fff2bfb3000 	/System/Library/Frameworks/ImageIO.framework/Versions/A/Resources/libJPEG.dylib
0x00007fff2beff000 	/System/Library/Frameworks/ImageIO.framework/Versions/A/Resources/libPng.dylib
0x00007fff2bf26000 	/System/Library/Frameworks/ImageIO.framework/Versions/A/Resources/libTIFF.dylib
0x00007fff2c008000 	/System/Library/Frameworks/ImageIO.framework/Versions/A/Resources/libGIF.dylib
0x00007fff2bc63000 	/System/Library/Frameworks/ImageIO.framework/Versions/A/Resources/libJP2.dylib
0x00007fff2b34d000 	/usr/lib/libexpat.1.dylib
0x00007fff2bc18000 	/System/Library/PrivateFrameworks/AppleJPEG.framework/Versions/A/AppleJPEG
0x00007fff28788000 	/System/Library/PrivateFrameworks/FontServices.framework/libFontParser.dylib
0x00007fff26134000 	/System/Library/PrivateFrameworks/RunningBoardServices.framework/Versions/A/RunningBoardServices
0x00007fff2bd41000 	/System/Library/PrivateFrameworks/WatchdogClient.framework/Versions/A/WatchdogClient
0x00007fff214fc000 	/System/Library/Frameworks/CoreDisplay.framework/Versions/A/CoreDisplay
0x00007fff2869e000 	/System/Library/Frameworks/CoreMedia.framework/Versions/A/CoreMedia
0x00007fff274fe000 	/System/Library/Frameworks/CoreVideo.framework/Versions/A/CoreVideo
0x00007fff2bd79000 	/System/Library/Frameworks/VideoToolbox.framework/Versions/A/VideoToolbox
0x00007fff260b2000 	/System/Library/PrivateFrameworks/BaseBoard.framework/Versions/A/BaseBoard
0x00007fff2b492000 	/System/Library/PrivateFrameworks/PersistentConnection.framework/Versions/A/PersistentConnection
0x00007fff25e4d000 	/System/Library/PrivateFrameworks/ProtocolBuffer.framework/Versions/A/ProtocolBuffer
0x00007fff26099000 	/System/Library/PrivateFrameworks/CommonUtilities.framework/Versions/A/CommonUtilities
0x00007fff2bbad000 	/System/Library/PrivateFrameworks/Bom.framework/Versions/A/Bom
0x00007fff2bfa3000 	/System/Library/PrivateFrameworks/GPUWrangler.framework/Versions/A/GPUWrangler
0x00007fff2bf86000 	/System/Library/PrivateFrameworks/IOPresentment.framework/Versions/A/IOPresentment
0x00007fff2bfad000 	/System/Library/PrivateFrameworks/DSExternalDisplay.framework/Versions/A/DSExternalDisplay
0x00007fff2c00d000 	/System/Library/PrivateFrameworks/CMCaptureCore.framework/Versions/A/CMCaptureCore
0x00007fff2b932000 	/System/Library/PrivateFrameworks/AppServerSupport.framework/Versions/A/AppServerSupport
0x00007fff2d9e1000 	/System/Library/PrivateFrameworks/perfdata.framework/Versions/A/perfdata
0x00007fff29da9000 	/System/Library/PrivateFrameworks/AssertionServices.framework/Versions/A/AssertionServices
0x00007fff21633000 	/System/Library/PrivateFrameworks/AudioToolboxCore.framework/Versions/A/AudioToolboxCore
0x00007fff28681000 	/System/Library/PrivateFrameworks/caulk.framework/Versions/A/caulk
0x00007fff3d68c000 	/System/Library/PrivateFrameworks/SystemPolicy.framework/Versions/A/SystemPolicy
0x00007fff2b142000 	/usr/lib/libIOReport.dylib
0x00007fff2d203000 	/usr/lib/libSMC.dylib
0x00007fff2becc000 	/usr/lib/libAudioToolboxUtility.dylib
0x00007fff3dff6000 	/usr/lib/libmis.dylib
0x00007fff6cbbd000 	/System/Library/Frameworks/OpenGL.framework/Versions/A/Libraries/libGLU.dylib
0x00007fff6cb80000 	/System/Library/Frameworks/OpenGL.framework/Versions/A/Libraries/libGFXShared.dylib
0x00007fff6cd8f000 	/System/Library/Frameworks/OpenGL.framework/Versions/A/Libraries/libGL.dylib
0x00007fff6cb89000 	/System/Library/Frameworks/OpenGL.framework/Versions/A/Libraries/libGLImage.dylib
0x00007fff6cb7d000 	/System/Library/Frameworks/OpenGL.framework/Versions/A/Libraries/libCVMSPluginSupport.dylib
0x00007fff6cb68000 	/System/Library/Frameworks/OpenGL.framework/Versions/A/Libraries/libCoreVMClient.dylib
0x00007fff6e1d0000 	/System/Library/Frameworks/OpenCL.framework/Versions/A/OpenCL
0x00007fff2b4bc000 	/System/Library/PrivateFrameworks/GraphVisualizer.framework/Versions/A/GraphVisualizer
0x00007fff2b4cb000 	/System/Library/PrivateFrameworks/FaceCore.framework/Versions/A/FaceCore
0x00007fff2b8e7000 	/System/Library/PrivateFrameworks/OTSVG.framework/Versions/A/OTSVG
0x00007fff270f5000 	/System/Library/Frameworks/ApplicationServices.framework/Versions/A/Frameworks/ATS.framework/Versions/A/Resources/libFontRegistry.dylib
0x00007fff2b939000 	/System/Library/PrivateFrameworks/FontServices.framework/libhvf.dylib
0x00007fff2b2f9000 	/System/Library/PrivateFrameworks/AppleVA.framework/Versions/A/AppleVA
0x00007fff2d04c000 	/System/Library/Frameworks/ApplicationServices.framework/Versions/A/Frameworks/ATS.framework/Versions/A/ATS
0x00007fff2d35e000 	/System/Library/Frameworks/ApplicationServices.framework/Versions/A/Frameworks/ColorSyncLegacy.framework/Versions/A/ColorSyncLegacy
0x00007fff25616000 	/System/Library/Frameworks/ApplicationServices.framework/Versions/A/Frameworks/HIServices.framework/Versions/A/HIServices
0x00007fff2d343000 	/System/Library/Frameworks/ApplicationServices.framework/Versions/A/Frameworks/LangAnalysis.framework/Versions/A/LangAnalysis
0x00007fff2c017000 	/System/Library/Frameworks/ApplicationServices.framework/Versions/A/Frameworks/PrintCore.framework/Versions/A/PrintCore
0x00007fff2d366000 	/System/Library/Frameworks/ApplicationServices.framework/Versions/A/Frameworks/QD.framework/Versions/A/QD
0x00007fff2d03c000 	/System/Library/Frameworks/ApplicationServices.framework/Versions/A/Frameworks/SpeechSynthesis.framework/Versions/A/SpeechSynthesis
0x00007fff2bfd8000 	/System/Library/Frameworks/ApplicationServices.framework/Versions/A/Frameworks/ATSUI.framework/Versions/A/ATSUI
0x00007fff2d2e3000 	/usr/lib/libcups.2.dylib
0x00007fff2d353000 	/System/Library/PrivateFrameworks/NetAuth.framework/Versions/A/NetAuth
0x00007fff2d9fd000 	/System/Library/Frameworks/Kerberos.framework/Versions/A/Kerberos
0x00007fff2da0d000 	/System/Library/Frameworks/GSS.framework/Versions/A/GSS
0x00007fff2d0b8000 	/usr/lib/libresolv.9.dylib
0x00007fff2b94e000 	/System/Library/PrivateFrameworks/Heimdal.framework/Versions/A/Heimdal
0x00007fff33791000 	/System/Library/Frameworks/Kerberos.framework/Versions/A/Libraries/libHeimdalProxy.dylib
0x00007fff26205000 	/System/Library/Frameworks/Network.framework/Versions/A/Network
0x00007fff2b367000 	/usr/lib/libheimdal-asn1.dylib
0x00007fff2da5d000 	/System/Library/PrivateFrameworks/CommonAuth.framework/Versions/A/CommonAuth
0x00007fff2754b000 	/System/Library/PrivateFrameworks/login.framework/Versions/A/Frameworks/loginsupport.framework/Versions/A/loginsupport
0x00007fff2cfc1000 	/System/Library/PrivateFrameworks/AudioSession.framework/Versions/A/AudioSession
0x00007fff2d029000 	/usr/lib/libAudioStatistics.dylib
0x00007fff2b3f4000 	/System/Library/PrivateFrameworks/MediaExperience.framework/Versions/A/MediaExperience
0x00007fff2ce5e000 	/System/Library/PrivateFrameworks/AudioSession.framework/libSessionUtility.dylib
0x00007fff2d9ee000 	/usr/lib/libperfcheck.dylib
0x00007fff2d372000 	/System/Library/PrivateFrameworks/AudioResourceArbitration.framework/Versions/A/AudioResourceArbitration
0x00007fff2b371000 	/System/Library/PrivateFrameworks/IconFoundation.framework/Versions/A/IconFoundation
0x00007fff2fe9b000 	/System/Library/PrivateFrameworks/SpeechRecognitionCore.framework/Versions/A/SpeechRecognitionCore
0x00007fff5df97000 	/System/Library/CoreServices/Encodings/libKoreanConverter.dylib
0x000000010f800000 	/Users/odogyeong/Library/Java/JavaVirtualMachines/openjdk-15.0.2/Contents/Home/lib/server/libjvm.dylib
0x000000010b103000 	/Users/odogyeong/Library/Java/JavaVirtualMachines/openjdk-15.0.2/Contents/Home/lib/libjimage.dylib
0x000000010b11d000 	/Users/odogyeong/Library/Java/JavaVirtualMachines/openjdk-15.0.2/Contents/Home/lib/libinstrument.dylib
0x000000010b142000 	/Users/odogyeong/Library/Java/JavaVirtualMachines/openjdk-15.0.2/Contents/Home/lib/libjava.dylib
0x000000010b608000 	/Users/odogyeong/Library/Java/JavaVirtualMachines/openjdk-15.0.2/Contents/Home/lib/libzip.dylib
0x000000010b62f000 	/Users/odogyeong/Library/Java/JavaVirtualMachines/openjdk-15.0.2/Contents/Home/lib/libnio.dylib
0x000000010b65d000 	/Users/odogyeong/Library/Java/JavaVirtualMachines/openjdk-15.0.2/Contents/Home/lib/libnet.dylib
0x000000010b543000 	/Users/odogyeong/Library/Java/JavaVirtualMachines/openjdk-15.0.2/Contents/Home/lib/libextnet.dylib


VM Arguments:
jvm_args: -javaagent:/Applications/IntelliJ IDEA.app/Contents/lib/idea_rt.jar=54526:/Applications/IntelliJ IDEA.app/Contents/bin -Dfile.encoding=UTF-8 
java_command: BOJ.BJ_1654_랜선자르기
java_class_path (initial): /Users/odogyeong/Downloads/gson-2.8.5.jar:/Users/odogyeong/IdeaProjects/Algo/Algorithm_Note/src/out/production/Algorithm_Note
Launcher Type: SUN_STANDARD

[Global flags]
     intx CICompilerCount                          = 4                                         {product} {ergonomic}
     uint ConcGCThreads                            = 2                                         {product} {ergonomic}
     uint G1ConcRefinementThreads                  = 8                                         {product} {ergonomic}
   size_t G1HeapRegionSize                         = 2097152                                   {product} {ergonomic}
    uintx GCDrainStackTargetSize                   = 64                                        {product} {ergonomic}
   size_t InitialHeapSize                          = 268435456                                 {product} {ergonomic}
   size_t MarkStackSize                            = 4194304                                   {product} {ergonomic}
   size_t MaxHeapSize                              = 4294967296                                {product} {ergonomic}
   size_t MaxNewSize                               = 2575302656                                {product} {ergonomic}
   size_t MinHeapDeltaBytes                        = 2097152                                   {product} {ergonomic}
   size_t MinHeapSize                              = 8388608                                   {product} {ergonomic}
    uintx NonNMethodCodeHeapSize                   = 5839372                                {pd product} {ergonomic}
    uintx NonProfiledCodeHeapSize                  = 122909434                              {pd product} {ergonomic}
    uintx ProfiledCodeHeapSize                     = 122909434                              {pd product} {ergonomic}
    uintx ReservedCodeCacheSize                    = 251658240                              {pd product} {ergonomic}
     bool SegmentedCodeCache                       = true                                      {product} {ergonomic}
   size_t SoftMaxHeapSize                          = 4294967296                             {manageable} {ergonomic}
     bool UseCompressedClassPointers               = true                                 {lp64_product} {ergonomic}
     bool UseCompressedOops                        = true                                 {lp64_product} {ergonomic}
     bool UseG1GC                                  = true                                      {product} {ergonomic}
     bool UseNUMA                                  = false                                     {product} {ergonomic}
     bool UseNUMAInterleaving                      = false                                     {product} {ergonomic}

Logging:
Log output configuration:
 #0: stdout all=warning uptime,level,tags
 #1: stderr all=off uptime,level,tags

Environment Variables:
PATH=/opt/homebrew/bin:/opt/homebrew/sbin:/usr/local/bin:/usr/bin:/bin:/usr/sbin:/sbin
SHELL=/bin/zsh
LC_CTYPE=ko_KR.UTF-8

Signal Handlers:
SIGSEGV: [libjvm.dylib+0xa01020], sa_mask[0]=11111111111111111111111111111111, sa_flags=SA_ONSTACK|SA_RESTART|SA_SIGINFO
SIGBUS: [libjvm.dylib+0xa01020], sa_mask[0]=11111111111111111111111111111111, sa_flags=SA_RESTART|SA_SIGINFO
SIGFPE: [libjvm.dylib+0xa01020], sa_mask[0]=11111111111111111111111111111111, sa_flags=SA_RESTART|SA_SIGINFO
SIGPIPE: [libjvm.dylib+0x82c500], sa_mask[0]=11111111111111111111111111111111, sa_flags=SA_RESTART|SA_SIGINFO
SIGXFSZ: [libjvm.dylib+0x82c500], sa_mask[0]=11111111111111111111111111111111, sa_flags=SA_RESTART|SA_SIGINFO
SIGILL: [libjvm.dylib+0xa01020], sa_mask[0]=11111111111111111111111111111111, sa_flags=SA_RESTART|SA_SIGINFO
SIGUSR2: [libjvm.dylib+0x82d010], sa_mask[0]=00100000000000000000000000000000, sa_flags=SA_RESTART|SA_SIGINFO
SIGHUP: [libjvm.dylib+0x82b710], sa_mask[0]=11111111111111111111111111111111, sa_flags=SA_RESTART|SA_SIGINFO
SIGINT: [libjvm.dylib+0x82b710], sa_mask[0]=11111111111111111111111111111111, sa_flags=SA_RESTART|SA_SIGINFO
SIGTERM: [libjvm.dylib+0x82b710], sa_mask[0]=11111111111111111111111111111111, sa_flags=SA_RESTART|SA_SIGINFO
SIGQUIT: [libjvm.dylib+0x82b710], sa_mask[0]=11111111111111111111111111111111, sa_flags=SA_RESTART|SA_SIGINFO


---------------  S Y S T E M  ---------------

OS:uname: Darwin 20.3.0 Darwin Kernel Version 20.3.0: Thu Jan 21 00:06:51 PST 2021; root:xnu-7195.81.3~1/RELEASE_ARM64_T8101 x86_64
OS uptime: 0 days 10:46 hours
rlimit (soft/hard): STACK 8176k/65520k , CORE 0k/infinity , NPROC 2666/4000 , NOFILE 10240/infinity , AS infinity/infinity , CPU infinity/infinity , DATA infinity/infinity , FSIZE infinity/infinity , MEMLOCK infinity/infinity , RSS infinity/infinity
load average: 4.79 3.72 3.63

CPU: total 8 (initial active 8) (1 cores per cpu, 1 threads per core) family 6 model 44 stepping 0 microcode 0x0, cmov, cx8, fxsr, mmx, sse, sse2, sse3, ssse3, sse4.1, sse4.2, popcnt, aes, clmul, tsc, tscinvbit, tscinv, clflush

Memory: 4k page, physical 16777216k(60276k free), swap 0k(0k free)

vm_info: OpenJDK 64-Bit Server VM (15.0.2+7-27) for bsd-amd64 JRE (15.0.2+7-27), built on Dec  7 2020 20:01:12 by "mach5one" with clang 4.2.1 Compatible Apple LLVM 10.0.0 (clang-1000.11.45.5)

END.
